TpTrace Verbose: 0 : 11700, 1, 2021/08/31, 14:28:44.234, 41641303146, vstest.console.dll, Version: 16.10.0
TpTrace Information: 0 : 11700, 1, 2021/08/31, 14:28:44.243, 41641376002, vstest.console.dll, FilePatternParser: The given file C:\Users\PC\source\repos\Nauka własna\SimpleLibraryWebsiteTests\bin\Debug\net5.0\fine-code-coverage\build-output\SimpleLibraryWebsiteTests.dll is a full path.
TpTrace Verbose: 0 : 11700, 1, 2021/08/31, 14:28:44.255, 41641491481, vstest.console.dll, TestPluginCache.DiscoverTestExtensions: finding test extensions in assemblies ends with: RuntimeProvider.dll TPluginInfo: Microsoft.VisualStudio.TestPlatform.Common.ExtensionFramework.Utilities.TestRuntimePluginInformation TExtension: Microsoft.VisualStudio.TestPlatform.ObjectModel.Host.ITestRuntimeProvider
TpTrace Verbose: 0 : 11700, 1, 2021/08/31, 14:28:44.255, 41641494487, vstest.console.dll, TestPluginCache.GetExtensionPaths: Filtered extension paths: 
TpTrace Verbose: 0 : 11700, 1, 2021/08/31, 14:28:44.255, 41641495208, vstest.console.dll, TestPluginCache.GetExtensionPaths: Added default extension paths: C:\Program Files\dotnet\sdk\5.0.303\Extensions\Microsoft.Diagnostics.NETCore.Client.dll
C:\Program Files\dotnet\sdk\5.0.303\Extensions\Microsoft.TestPlatform.Extensions.BlameDataCollector.dll
C:\Program Files\dotnet\sdk\5.0.303\Extensions\Microsoft.TestPlatform.Extensions.EventLogCollector.dll
C:\Program Files\dotnet\sdk\5.0.303\Extensions\Microsoft.TestPlatform.TestHostRuntimeProvider.dll
C:\Program Files\dotnet\sdk\5.0.303\Extensions\Microsoft.VisualStudio.TestPlatform.Extensions.Html.TestLogger.dll
C:\Program Files\dotnet\sdk\5.0.303\Extensions\Microsoft.VisualStudio.TestPlatform.Extensions.Trx.TestLogger.dll
TpTrace Verbose: 0 : 11700, 1, 2021/08/31, 14:28:44.255, 41641495604, vstest.console.dll, TestPluginCache.GetExtensionPaths: Added unfilterableExtensionPaths: 
TpTrace Information: 0 : 11700, 1, 2021/08/31, 14:28:44.256, 41641501552, vstest.console.dll, AssemblyResolver.ctor: Creating AssemblyResolver with searchDirectories C:\Program Files\dotnet\sdk\5.0.303\Extensions,C:\Program Files\dotnet\sdk\5.0.303
TpTrace Verbose: 0 : 11700, 1, 2021/08/31, 14:28:44.257, 41641508524, vstest.console.dll, TestPluginCache.DiscoverTestExtensions: Discovering the extensions using extension path.
TpTrace Verbose: 0 : 11700, 1, 2021/08/31, 14:28:44.257, 41641509334, vstest.console.dll, TestPluginCache.GetExtensionPaths: Filtered extension paths: 
TpTrace Verbose: 0 : 11700, 1, 2021/08/31, 14:28:44.257, 41641509673, vstest.console.dll, TestPluginCache.GetExtensionPaths: Added default extension paths: C:\Program Files\dotnet\sdk\5.0.303\Extensions\Microsoft.Diagnostics.NETCore.Client.dll
C:\Program Files\dotnet\sdk\5.0.303\Extensions\Microsoft.TestPlatform.Extensions.BlameDataCollector.dll
C:\Program Files\dotnet\sdk\5.0.303\Extensions\Microsoft.TestPlatform.Extensions.EventLogCollector.dll
C:\Program Files\dotnet\sdk\5.0.303\Extensions\Microsoft.TestPlatform.TestHostRuntimeProvider.dll
C:\Program Files\dotnet\sdk\5.0.303\Extensions\Microsoft.VisualStudio.TestPlatform.Extensions.Html.TestLogger.dll
C:\Program Files\dotnet\sdk\5.0.303\Extensions\Microsoft.VisualStudio.TestPlatform.Extensions.Trx.TestLogger.dll
TpTrace Verbose: 0 : 11700, 1, 2021/08/31, 14:28:44.257, 41641509991, vstest.console.dll, TestPluginCache.GetExtensionPaths: Added unfilterableExtensionPaths: 
TpTrace Verbose: 0 : 11700, 1, 2021/08/31, 14:28:44.257, 41641510473, vstest.console.dll, TestPluginCache.DiscoverTestExtensions: Discovering the extensions using allExtensionPaths: C:\Program Files\dotnet\sdk\5.0.303\Extensions\Microsoft.Diagnostics.NETCore.Client.dll
C:\Program Files\dotnet\sdk\5.0.303\Extensions\Microsoft.TestPlatform.Extensions.BlameDataCollector.dll
C:\Program Files\dotnet\sdk\5.0.303\Extensions\Microsoft.TestPlatform.Extensions.EventLogCollector.dll
C:\Program Files\dotnet\sdk\5.0.303\Extensions\Microsoft.TestPlatform.TestHostRuntimeProvider.dll
C:\Program Files\dotnet\sdk\5.0.303\Extensions\Microsoft.VisualStudio.TestPlatform.Extensions.Html.TestLogger.dll
C:\Program Files\dotnet\sdk\5.0.303\Extensions\Microsoft.VisualStudio.TestPlatform.Extensions.Trx.TestLogger.dll
TpTrace Information: 0 : 11700, 1, 2021/08/31, 14:28:44.257, 41641511721, vstest.console.dll, AssemblyResolver.AddSearchDirectories: Adding more searchDirectories C:\Program Files\dotnet\sdk\5.0.303\Extensions,C:\Program Files\dotnet\sdk\5.0.303
TpTrace Information: 0 : 11700, 1, 2021/08/31, 14:28:44.257, 41641512259, vstest.console.dll, AssemblyResolver.AddSearchDirectories: Adding more searchDirectories C:\Program Files\dotnet\sdk\5.0.303\Extensions,C:\Program Files\dotnet\sdk\5.0.303
TpTrace Information: 0 : 11700, 1, 2021/08/31, 14:28:44.257, 41641512599, vstest.console.dll, AssemblyResolver.AddSearchDirectories: Adding more searchDirectories C:\Program Files\dotnet\sdk\5.0.303\Extensions,C:\Program Files\dotnet\sdk\5.0.303
TpTrace Information: 0 : 11700, 1, 2021/08/31, 14:28:44.257, 41641512918, vstest.console.dll, AssemblyResolver.AddSearchDirectories: Adding more searchDirectories C:\Program Files\dotnet\sdk\5.0.303\Extensions,C:\Program Files\dotnet\sdk\5.0.303
TpTrace Information: 0 : 11700, 1, 2021/08/31, 14:28:44.257, 41641513197, vstest.console.dll, AssemblyResolver.AddSearchDirectories: Adding more searchDirectories C:\Program Files\dotnet\sdk\5.0.303\Extensions,C:\Program Files\dotnet\sdk\5.0.303
TpTrace Information: 0 : 11700, 1, 2021/08/31, 14:28:44.257, 41641513457, vstest.console.dll, AssemblyResolver.AddSearchDirectories: Adding more searchDirectories C:\Program Files\dotnet\sdk\5.0.303\Extensions,C:\Program Files\dotnet\sdk\5.0.303
TpTrace Information: 0 : 11700, 1, 2021/08/31, 14:28:44.257, 41641516119, vstest.console.dll, AssemblyResolver.OnResolve: Microsoft.Diagnostics.NETCore.Client: Resolving assembly.
TpTrace Information: 0 : 11700, 1, 2021/08/31, 14:28:44.257, 41641516615, vstest.console.dll, AssemblyResolver.OnResolve: Microsoft.Diagnostics.NETCore.Client: Searching in: 'C:\Program Files\dotnet\sdk\5.0.303\Extensions'.
TpTrace Information: 0 : 11700, 1, 2021/08/31, 14:28:44.259, 41641536633, vstest.console.dll, AssemblyResolver.OnResolve: Microsoft.Diagnostics.NETCore.Client: Loading assembly 'C:\Program Files\dotnet\sdk\5.0.303\Extensions\Microsoft.Diagnostics.NETCore.Client.dll'.
TpTrace Information: 0 : 11700, 1, 2021/08/31, 14:28:44.261, 41641549035, vstest.console.dll, AssemblyResolver.OnResolve: Resolved assembly: Microsoft.Diagnostics.NETCore.Client, from path: C:\Program Files\dotnet\sdk\5.0.303\Extensions\Microsoft.Diagnostics.NETCore.Client.dll
TpTrace Information: 0 : 11700, 1, 2021/08/31, 14:28:44.263, 41641571682, vstest.console.dll, AssemblyResolver.OnResolve: Microsoft.Bcl.AsyncInterfaces: Resolving assembly.
TpTrace Information: 0 : 11700, 1, 2021/08/31, 14:28:44.263, 41641572383, vstest.console.dll, AssemblyResolver.OnResolve: Microsoft.Bcl.AsyncInterfaces: Searching in: 'C:\Program Files\dotnet\sdk\5.0.303\Extensions'.
TpTrace Information: 0 : 11700, 1, 2021/08/31, 14:28:44.263, 41641573438, vstest.console.dll, AssemblyResolver.OnResolve: Microsoft.Bcl.AsyncInterfaces: Assembly path does not exist: 'C:\Program Files\dotnet\sdk\5.0.303\Extensions\Microsoft.Bcl.AsyncInterfaces.dll', returning.
TpTrace Information: 0 : 11700, 1, 2021/08/31, 14:28:44.263, 41641574061, vstest.console.dll, AssemblyResolver.OnResolve: Microsoft.Bcl.AsyncInterfaces: Assembly path does not exist: 'C:\Program Files\dotnet\sdk\5.0.303\Extensions\Microsoft.Bcl.AsyncInterfaces.exe', returning.
TpTrace Information: 0 : 11700, 1, 2021/08/31, 14:28:44.263, 41641574374, vstest.console.dll, AssemblyResolver.OnResolve: Microsoft.Bcl.AsyncInterfaces: Searching in: 'C:\Program Files\dotnet\sdk\5.0.303'.
TpTrace Information: 0 : 11700, 1, 2021/08/31, 14:28:44.263, 41641574979, vstest.console.dll, AssemblyResolver.OnResolve: Microsoft.Bcl.AsyncInterfaces: Assembly path does not exist: 'C:\Program Files\dotnet\sdk\5.0.303\Microsoft.Bcl.AsyncInterfaces.dll', returning.
TpTrace Information: 0 : 11700, 1, 2021/08/31, 14:28:44.263, 41641575624, vstest.console.dll, AssemblyResolver.OnResolve: Microsoft.Bcl.AsyncInterfaces: Assembly path does not exist: 'C:\Program Files\dotnet\sdk\5.0.303\Microsoft.Bcl.AsyncInterfaces.exe', returning.
TpTrace Information: 0 : 11700, 1, 2021/08/31, 14:28:44.263, 41641576340, vstest.console.dll, AssemblyResolver.OnResolve: Microsoft.Bcl.AsyncInterfaces: Failed to load assembly.
TpTrace Verbose: 0 : 11700, 1, 2021/08/31, 14:28:44.263, 41641576728, vstest.console.dll, CurrentDomainAssemblyResolve: Resolving assembly 'Microsoft.Bcl.AsyncInterfaces'.
TpTrace Information: 0 : 11700, 1, 2021/08/31, 14:28:44.263, 41641577273, vstest.console.dll, AssemblyResolver.OnResolve: Microsoft.Bcl.AsyncInterfaces: Resolving assembly.
TpTrace Information: 0 : 11700, 1, 2021/08/31, 14:28:44.263, 41641577617, vstest.console.dll, AssemblyResolver.OnResolve: Microsoft.Bcl.AsyncInterfaces: Resolved from cache.
TpTrace Verbose: 0 : 11700, 1, 2021/08/31, 14:28:44.263, 41641577941, vstest.console.dll, CurrentDomainAssemblyResolve: Resolving assembly 'Microsoft.Bcl.AsyncInterfaces'.
TpTrace Verbose: 0 : 11700, 1, 2021/08/31, 14:28:44.263, 41641578250, vstest.console.dll, CurrentDomainAssemblyResolve: Failed to resolve assembly 'Microsoft.Bcl.AsyncInterfaces'.
TpTrace Verbose: 0 : 11700, 1, 2021/08/31, 14:28:44.264, 41641584005, vstest.console.dll, CurrentDomainAssemblyResolve: Failed to resolve assembly 'Microsoft.Bcl.AsyncInterfaces'.
TpTrace Warning: 0 : 11700, 1, 2021/08/31, 14:28:44.278, 41641723267, vstest.console.dll, TestPluginDiscoverer: Failed to get types from assembly 'Microsoft.Diagnostics.NETCore.Client, Version=0.2.2.41902, Culture=neutral, PublicKeyToken=31bf3856ad364e35'.  Skipping test extension scan for this assembly.  Error: System.Reflection.ReflectionTypeLoadException: Unable to load one or more of the requested types.
Could not load file or assembly 'Microsoft.Bcl.AsyncInterfaces, Version=1.0.0.0, Culture=neutral, PublicKeyToken=cc7b13ffcd2ddd51'. Nie można odnaleźć określonego pliku.
   at System.Reflection.RuntimeModule.GetTypes(RuntimeModule module)
   at System.Reflection.RuntimeModule.GetTypes()
   at System.Reflection.Assembly.GetTypes()
   at Microsoft.VisualStudio.TestPlatform.Common.ExtensionFramework.TestPluginDiscoverer.GetTestExtensionsFromAssembly[TPluginInfo,TExtension](Assembly assembly, Dictionary`2 pluginInfos)
System.IO.FileNotFoundException: Could not load file or assembly 'Microsoft.Bcl.AsyncInterfaces, Version=1.0.0.0, Culture=neutral, PublicKeyToken=cc7b13ffcd2ddd51'. Nie można odnaleźć określonego pliku.
File name: 'Microsoft.Bcl.AsyncInterfaces, Version=1.0.0.0, Culture=neutral, PublicKeyToken=cc7b13ffcd2ddd51'
TpTrace Warning: 0 : 11700, 1, 2021/08/31, 14:28:44.278, 41641727651, vstest.console.dll, LoaderExceptions: System.IO.FileNotFoundException: Could not load file or assembly 'Microsoft.Bcl.AsyncInterfaces, Version=1.0.0.0, Culture=neutral, PublicKeyToken=cc7b13ffcd2ddd51'. Nie można odnaleźć określonego pliku.
File name: 'Microsoft.Bcl.AsyncInterfaces, Version=1.0.0.0, Culture=neutral, PublicKeyToken=cc7b13ffcd2ddd51'
TpTrace Information: 0 : 11700, 1, 2021/08/31, 14:28:44.279, 41641728695, vstest.console.dll, AssemblyResolver.OnResolve: Microsoft.TestPlatform.Extensions.BlameDataCollector: Resolving assembly.
TpTrace Information: 0 : 11700, 1, 2021/08/31, 14:28:44.279, 41641729061, vstest.console.dll, AssemblyResolver.OnResolve: Microsoft.TestPlatform.Extensions.BlameDataCollector: Searching in: 'C:\Program Files\dotnet\sdk\5.0.303\Extensions'.
TpTrace Information: 0 : 11700, 1, 2021/08/31, 14:28:44.280, 41641742522, vstest.console.dll, AssemblyResolver.OnResolve: Microsoft.TestPlatform.Extensions.BlameDataCollector: Loading assembly 'C:\Program Files\dotnet\sdk\5.0.303\Extensions\Microsoft.TestPlatform.Extensions.BlameDataCollector.dll'.
TpTrace Information: 0 : 11700, 1, 2021/08/31, 14:28:44.281, 41641753858, vstest.console.dll, AssemblyResolver.OnResolve: Resolved assembly: Microsoft.TestPlatform.Extensions.BlameDataCollector, from path: C:\Program Files\dotnet\sdk\5.0.303\Extensions\Microsoft.TestPlatform.Extensions.BlameDataCollector.dll
TpTrace Information: 0 : 11700, 1, 2021/08/31, 14:28:44.282, 41641762236, vstest.console.dll, AssemblyResolver.OnResolve: Microsoft.TestPlatform.Extensions.EventLogCollector: Resolving assembly.
TpTrace Information: 0 : 11700, 1, 2021/08/31, 14:28:44.282, 41641762714, vstest.console.dll, AssemblyResolver.OnResolve: Microsoft.TestPlatform.Extensions.EventLogCollector: Searching in: 'C:\Program Files\dotnet\sdk\5.0.303\Extensions'.
TpTrace Information: 0 : 11700, 1, 2021/08/31, 14:28:44.283, 41641772533, vstest.console.dll, AssemblyResolver.OnResolve: Microsoft.TestPlatform.Extensions.EventLogCollector: Loading assembly 'C:\Program Files\dotnet\sdk\5.0.303\Extensions\Microsoft.TestPlatform.Extensions.EventLogCollector.dll'.
TpTrace Information: 0 : 11700, 1, 2021/08/31, 14:28:44.283, 41641777352, vstest.console.dll, AssemblyResolver.OnResolve: Resolved assembly: Microsoft.TestPlatform.Extensions.EventLogCollector, from path: C:\Program Files\dotnet\sdk\5.0.303\Extensions\Microsoft.TestPlatform.Extensions.EventLogCollector.dll
TpTrace Information: 0 : 11700, 1, 2021/08/31, 14:28:44.285, 41641788512, vstest.console.dll, AssemblyResolver.OnResolve: Microsoft.TestPlatform.TestHostRuntimeProvider: Resolving assembly.
TpTrace Information: 0 : 11700, 1, 2021/08/31, 14:28:44.285, 41641788961, vstest.console.dll, AssemblyResolver.OnResolve: Microsoft.TestPlatform.TestHostRuntimeProvider: Searching in: 'C:\Program Files\dotnet\sdk\5.0.303\Extensions'.
TpTrace Information: 0 : 11700, 1, 2021/08/31, 14:28:44.286, 41641804659, vstest.console.dll, AssemblyResolver.OnResolve: Microsoft.TestPlatform.TestHostRuntimeProvider: Loading assembly 'C:\Program Files\dotnet\sdk\5.0.303\Extensions\Microsoft.TestPlatform.TestHostRuntimeProvider.dll'.
TpTrace Information: 0 : 11700, 1, 2021/08/31, 14:28:44.287, 41641809830, vstest.console.dll, AssemblyResolver.OnResolve: Resolved assembly: Microsoft.TestPlatform.TestHostRuntimeProvider, from path: C:\Program Files\dotnet\sdk\5.0.303\Extensions\Microsoft.TestPlatform.TestHostRuntimeProvider.dll
TpTrace Information: 0 : 11700, 1, 2021/08/31, 14:28:44.288, 41641818634, vstest.console.dll, AssemblyResolver.OnResolve: Microsoft.VisualStudio.TestPlatform.Extensions.Html.TestLogger: Resolving assembly.
TpTrace Information: 0 : 11700, 1, 2021/08/31, 14:28:44.288, 41641819057, vstest.console.dll, AssemblyResolver.OnResolve: Microsoft.VisualStudio.TestPlatform.Extensions.Html.TestLogger: Searching in: 'C:\Program Files\dotnet\sdk\5.0.303\Extensions'.
TpTrace Information: 0 : 11700, 1, 2021/08/31, 14:28:44.288, 41641827381, vstest.console.dll, AssemblyResolver.OnResolve: Microsoft.VisualStudio.TestPlatform.Extensions.Html.TestLogger: Loading assembly 'C:\Program Files\dotnet\sdk\5.0.303\Extensions\Microsoft.VisualStudio.TestPlatform.Extensions.Html.TestLogger.dll'.
TpTrace Information: 0 : 11700, 1, 2021/08/31, 14:28:44.290, 41641838733, vstest.console.dll, AssemblyResolver.OnResolve: Resolved assembly: Microsoft.VisualStudio.TestPlatform.Extensions.Html.TestLogger, from path: C:\Program Files\dotnet\sdk\5.0.303\Extensions\Microsoft.VisualStudio.TestPlatform.Extensions.Html.TestLogger.dll
TpTrace Information: 0 : 11700, 1, 2021/08/31, 14:28:44.290, 41641841019, vstest.console.dll, AssemblyResolver.OnResolve: Microsoft.VisualStudio.TestPlatform.Extensions.Trx.TestLogger: Resolving assembly.
TpTrace Information: 0 : 11700, 1, 2021/08/31, 14:28:44.290, 41641841441, vstest.console.dll, AssemblyResolver.OnResolve: Microsoft.VisualStudio.TestPlatform.Extensions.Trx.TestLogger: Searching in: 'C:\Program Files\dotnet\sdk\5.0.303\Extensions'.
TpTrace Information: 0 : 11700, 1, 2021/08/31, 14:28:44.291, 41641856311, vstest.console.dll, AssemblyResolver.OnResolve: Microsoft.VisualStudio.TestPlatform.Extensions.Trx.TestLogger: Loading assembly 'C:\Program Files\dotnet\sdk\5.0.303\Extensions\Microsoft.VisualStudio.TestPlatform.Extensions.Trx.TestLogger.dll'.
TpTrace Information: 0 : 11700, 1, 2021/08/31, 14:28:44.293, 41641875117, vstest.console.dll, AssemblyResolver.OnResolve: Resolved assembly: Microsoft.VisualStudio.TestPlatform.Extensions.Trx.TestLogger, from path: C:\Program Files\dotnet\sdk\5.0.303\Extensions\Microsoft.VisualStudio.TestPlatform.Extensions.Trx.TestLogger.dll
TpTrace Verbose: 0 : 11700, 1, 2021/08/31, 14:28:44.294, 41641879898, vstest.console.dll, TestPluginCache: Discovered the extensions using extension path ''.
TpTrace Verbose: 0 : 11700, 1, 2021/08/31, 14:28:44.294, 41641880378, vstest.console.dll, TestPluginCache: Discoverers are ''.
TpTrace Verbose: 0 : 11700, 1, 2021/08/31, 14:28:44.294, 41641880684, vstest.console.dll, TestPluginCache: Executors are ''.
TpTrace Verbose: 0 : 11700, 1, 2021/08/31, 14:28:44.294, 41641880913, vstest.console.dll, TestPluginCache: Executors2 are ''.
TpTrace Verbose: 0 : 11700, 1, 2021/08/31, 14:28:44.294, 41641881175, vstest.console.dll, TestPluginCache: Setting providers are ''.
TpTrace Verbose: 0 : 11700, 1, 2021/08/31, 14:28:44.294, 41641881423, vstest.console.dll, TestPluginCache: Loggers are ''.
TpTrace Information: 0 : 11700, 1, 2021/08/31, 14:28:44.298, 41641923644, vstest.console.dll, RunTestsArgumentProcessor:Execute: Test run is starting.
TpTrace Verbose: 0 : 11700, 1, 2021/08/31, 14:28:44.298, 41641924378, vstest.console.dll, RunTestsArgumentProcessor:Execute: Queuing Test run.
TpTrace Information: 0 : 11700, 1, 2021/08/31, 14:28:44.298, 41641925774, vstest.console.dll, TestRequestManager.RunTests: run tests started.
TpTrace Information: 0 : 11700, 1, 2021/08/31, 14:28:44.300, 41641948196, vstest.console.dll, AssemblyMetadataProvider.GetFrameWork: Determined framework:'.NETCoreApp,Version=v5.0' for source: 'C:\Users\PC\source\repos\Nauka własna\SimpleLibraryWebsiteTests\bin\Debug\net5.0\fine-code-coverage\build-output\SimpleLibraryWebsiteTests.dll'
TpTrace Information: 0 : 11700, 1, 2021/08/31, 14:28:44.301, 41641949686, vstest.console.dll, Determined framework for all sources: .NETCoreApp,Version=v5.0
TpTrace Information: 0 : 11700, 1, 2021/08/31, 14:28:44.301, 41641952611, vstest.console.dll, AssemblyMetadataProvider.GetArchitecture: Determined architecture:AnyCPU info for assembly: C:\Users\PC\source\repos\Nauka własna\SimpleLibraryWebsiteTests\bin\Debug\net5.0\fine-code-coverage\build-output\SimpleLibraryWebsiteTests.dll
TpTrace Information: 0 : 11700, 1, 2021/08/31, 14:28:44.302, 41641967686, vstest.console.dll, Determined platform for all sources: X64
TpTrace Information: 0 : 11700, 1, 2021/08/31, 14:28:44.304, 41641988038, vstest.console.dll, Compatible sources list : 
TpTrace Information: 0 : 11700, 1, 2021/08/31, 14:28:44.305, 41641988629, vstest.console.dll, C:\Users\PC\source\repos\Nauka własna\SimpleLibraryWebsiteTests\bin\Debug\net5.0\fine-code-coverage\build-output\SimpleLibraryWebsiteTests.dll
TpTrace Information: 0 : 11700, 1, 2021/08/31, 14:28:44.309, 41642032548, vstest.console.dll, InferRunSettingsHelper.IsTestSettingsEnabled: Unable to navigate to RunSettings/MSTest. Current node: RunSettings
TpTrace Information: 0 : 11700, 1, 2021/08/31, 14:28:44.310, 41642038573, vstest.console.dll, AssemblyResolver.OnResolve: Microsoft.VisualStudio.TestPlatform.Fakes: Resolving assembly.
TpTrace Information: 0 : 11700, 1, 2021/08/31, 14:28:44.310, 41642039145, vstest.console.dll, AssemblyResolver.OnResolve: Microsoft.VisualStudio.TestPlatform.Fakes: Searching in: 'C:\Program Files\dotnet\sdk\5.0.303\Extensions'.
TpTrace Information: 0 : 11700, 1, 2021/08/31, 14:28:44.310, 41642039960, vstest.console.dll, AssemblyResolver.OnResolve: Microsoft.VisualStudio.TestPlatform.Fakes: Assembly path does not exist: 'C:\Program Files\dotnet\sdk\5.0.303\Extensions\Microsoft.VisualStudio.TestPlatform.Fakes.dll', returning.
TpTrace Information: 0 : 11700, 1, 2021/08/31, 14:28:44.310, 41642040672, vstest.console.dll, AssemblyResolver.OnResolve: Microsoft.VisualStudio.TestPlatform.Fakes: Assembly path does not exist: 'C:\Program Files\dotnet\sdk\5.0.303\Extensions\Microsoft.VisualStudio.TestPlatform.Fakes.exe', returning.
TpTrace Information: 0 : 11700, 1, 2021/08/31, 14:28:44.310, 41642040970, vstest.console.dll, AssemblyResolver.OnResolve: Microsoft.VisualStudio.TestPlatform.Fakes: Searching in: 'C:\Program Files\dotnet\sdk\5.0.303'.
TpTrace Information: 0 : 11700, 1, 2021/08/31, 14:28:44.310, 41642041659, vstest.console.dll, AssemblyResolver.OnResolve: Microsoft.VisualStudio.TestPlatform.Fakes: Assembly path does not exist: 'C:\Program Files\dotnet\sdk\5.0.303\Microsoft.VisualStudio.TestPlatform.Fakes.dll', returning.
TpTrace Information: 0 : 11700, 1, 2021/08/31, 14:28:44.310, 41642042431, vstest.console.dll, AssemblyResolver.OnResolve: Microsoft.VisualStudio.TestPlatform.Fakes: Assembly path does not exist: 'C:\Program Files\dotnet\sdk\5.0.303\Microsoft.VisualStudio.TestPlatform.Fakes.exe', returning.
TpTrace Information: 0 : 11700, 1, 2021/08/31, 14:28:44.310, 41642042721, vstest.console.dll, AssemblyResolver.OnResolve: Microsoft.VisualStudio.TestPlatform.Fakes: Failed to load assembly.
TpTrace Information: 0 : 11700, 1, 2021/08/31, 14:28:44.311, 41642050243, vstest.console.dll, Failed to create newly implemented Fakes Configurator. Reason:System.IO.FileNotFoundException: Could not load file or assembly 'Microsoft.VisualStudio.TestPlatform.Fakes, Version=16.0.0.0, Culture=neutral, PublicKeyToken=null'. Nie można odnaleźć określonego pliku.
File name: 'Microsoft.VisualStudio.TestPlatform.Fakes, Version=16.0.0.0, Culture=neutral, PublicKeyToken=null'
   at System.Reflection.RuntimeAssembly.InternalLoad(ObjectHandleOnStack assemblyName, ObjectHandleOnStack requestingAssembly, StackCrawlMarkHandle stackMark, Boolean throwOnFileNotFound, ObjectHandleOnStack assemblyLoadContext, ObjectHandleOnStack retAssembly)
   at System.Reflection.RuntimeAssembly.InternalLoad(AssemblyName assemblyName, RuntimeAssembly requestingAssembly, StackCrawlMark& stackMark, Boolean throwOnFileNotFound, AssemblyLoadContext assemblyLoadContext)
   at System.Reflection.Assembly.Load(AssemblyName assemblyRef)
   at Microsoft.VisualStudio.TestPlatform.Common.Utilities.FakesUtilities.TryGetFakesCrossPlatformDataCollectorConfigurator() 
TpTrace Verbose: 0 : 11700, 1, 2021/08/31, 14:28:44.314, 41642083453, vstest.console.dll, TestPluginCache.DiscoverTestExtensions: finding test extensions in assemblies ends with: TestLogger.dll TPluginInfo: Microsoft.VisualStudio.TestPlatform.Common.ExtensionFramework.Utilities.TestLoggerPluginInformation TExtension: Microsoft.VisualStudio.TestPlatform.ObjectModel.Client.ITestLogger
TpTrace Verbose: 0 : 11700, 1, 2021/08/31, 14:28:44.314, 41642084200, vstest.console.dll, TestPluginCache.GetExtensionPaths: Filtered extension paths: 
TpTrace Verbose: 0 : 11700, 1, 2021/08/31, 14:28:44.314, 41642084501, vstest.console.dll, TestPluginCache.GetExtensionPaths: Added default extension paths: C:\Program Files\dotnet\sdk\5.0.303\Extensions\Microsoft.Diagnostics.NETCore.Client.dll
C:\Program Files\dotnet\sdk\5.0.303\Extensions\Microsoft.TestPlatform.Extensions.BlameDataCollector.dll
C:\Program Files\dotnet\sdk\5.0.303\Extensions\Microsoft.TestPlatform.Extensions.EventLogCollector.dll
C:\Program Files\dotnet\sdk\5.0.303\Extensions\Microsoft.TestPlatform.TestHostRuntimeProvider.dll
C:\Program Files\dotnet\sdk\5.0.303\Extensions\Microsoft.VisualStudio.TestPlatform.Extensions.Html.TestLogger.dll
C:\Program Files\dotnet\sdk\5.0.303\Extensions\Microsoft.VisualStudio.TestPlatform.Extensions.Trx.TestLogger.dll
TpTrace Verbose: 0 : 11700, 1, 2021/08/31, 14:28:44.314, 41642084805, vstest.console.dll, TestPluginCache.GetExtensionPaths: Added unfilterableExtensionPaths: 
TpTrace Information: 0 : 11700, 1, 2021/08/31, 14:28:44.314, 41642086074, vstest.console.dll, AssemblyResolver.AddSearchDirectories: Adding more searchDirectories C:\Program Files\dotnet\sdk\5.0.303\Extensions,C:\Program Files\dotnet\sdk\5.0.303
TpTrace Verbose: 0 : 11700, 1, 2021/08/31, 14:28:44.314, 41642086574, vstest.console.dll, TestPluginCache.DiscoverTestExtensions: Discovering the extensions using extension path.
TpTrace Verbose: 0 : 11700, 1, 2021/08/31, 14:28:44.314, 41642086849, vstest.console.dll, TestPluginCache.GetExtensionPaths: Filtered extension paths: 
TpTrace Verbose: 0 : 11700, 1, 2021/08/31, 14:28:44.314, 41642087129, vstest.console.dll, TestPluginCache.GetExtensionPaths: Added default extension paths: C:\Program Files\dotnet\sdk\5.0.303\Extensions\Microsoft.Diagnostics.NETCore.Client.dll
C:\Program Files\dotnet\sdk\5.0.303\Extensions\Microsoft.TestPlatform.Extensions.BlameDataCollector.dll
C:\Program Files\dotnet\sdk\5.0.303\Extensions\Microsoft.TestPlatform.Extensions.EventLogCollector.dll
C:\Program Files\dotnet\sdk\5.0.303\Extensions\Microsoft.TestPlatform.TestHostRuntimeProvider.dll
C:\Program Files\dotnet\sdk\5.0.303\Extensions\Microsoft.VisualStudio.TestPlatform.Extensions.Html.TestLogger.dll
C:\Program Files\dotnet\sdk\5.0.303\Extensions\Microsoft.VisualStudio.TestPlatform.Extensions.Trx.TestLogger.dll
TpTrace Verbose: 0 : 11700, 1, 2021/08/31, 14:28:44.314, 41642087457, vstest.console.dll, TestPluginCache.GetExtensionPaths: Added unfilterableExtensionPaths: 
TpTrace Verbose: 0 : 11700, 1, 2021/08/31, 14:28:44.314, 41642087728, vstest.console.dll, TestPluginCache.DiscoverTestExtensions: Discovering the extensions using allExtensionPaths: C:\Program Files\dotnet\sdk\5.0.303\Extensions\Microsoft.Diagnostics.NETCore.Client.dll
C:\Program Files\dotnet\sdk\5.0.303\Extensions\Microsoft.TestPlatform.Extensions.BlameDataCollector.dll
C:\Program Files\dotnet\sdk\5.0.303\Extensions\Microsoft.TestPlatform.Extensions.EventLogCollector.dll
C:\Program Files\dotnet\sdk\5.0.303\Extensions\Microsoft.TestPlatform.TestHostRuntimeProvider.dll
C:\Program Files\dotnet\sdk\5.0.303\Extensions\Microsoft.VisualStudio.TestPlatform.Extensions.Html.TestLogger.dll
C:\Program Files\dotnet\sdk\5.0.303\Extensions\Microsoft.VisualStudio.TestPlatform.Extensions.Trx.TestLogger.dll
TpTrace Information: 0 : 11700, 1, 2021/08/31, 14:28:44.314, 41642088128, vstest.console.dll, AssemblyResolver.AddSearchDirectories: Adding more searchDirectories C:\Program Files\dotnet\sdk\5.0.303\Extensions,C:\Program Files\dotnet\sdk\5.0.303
TpTrace Information: 0 : 11700, 1, 2021/08/31, 14:28:44.315, 41642088419, vstest.console.dll, AssemblyResolver.AddSearchDirectories: Adding more searchDirectories C:\Program Files\dotnet\sdk\5.0.303\Extensions,C:\Program Files\dotnet\sdk\5.0.303
TpTrace Information: 0 : 11700, 1, 2021/08/31, 14:28:44.315, 41642088678, vstest.console.dll, AssemblyResolver.AddSearchDirectories: Adding more searchDirectories C:\Program Files\dotnet\sdk\5.0.303\Extensions,C:\Program Files\dotnet\sdk\5.0.303
TpTrace Information: 0 : 11700, 1, 2021/08/31, 14:28:44.315, 41642088959, vstest.console.dll, AssemblyResolver.AddSearchDirectories: Adding more searchDirectories C:\Program Files\dotnet\sdk\5.0.303\Extensions,C:\Program Files\dotnet\sdk\5.0.303
TpTrace Information: 0 : 11700, 1, 2021/08/31, 14:28:44.315, 41642089222, vstest.console.dll, AssemblyResolver.AddSearchDirectories: Adding more searchDirectories C:\Program Files\dotnet\sdk\5.0.303\Extensions,C:\Program Files\dotnet\sdk\5.0.303
TpTrace Information: 0 : 11700, 1, 2021/08/31, 14:28:44.315, 41642089474, vstest.console.dll, AssemblyResolver.AddSearchDirectories: Adding more searchDirectories C:\Program Files\dotnet\sdk\5.0.303\Extensions,C:\Program Files\dotnet\sdk\5.0.303
TpTrace Information: 0 : 11700, 1, 2021/08/31, 14:28:44.315, 41642091536, vstest.console.dll, AssemblyResolver.OnResolve: Microsoft.Bcl.AsyncInterfaces: Resolving assembly.
TpTrace Information: 0 : 11700, 1, 2021/08/31, 14:28:44.315, 41642091892, vstest.console.dll, AssemblyResolver.OnResolve: Microsoft.Bcl.AsyncInterfaces: Resolved from cache.
TpTrace Verbose: 0 : 11700, 1, 2021/08/31, 14:28:44.315, 41642092167, vstest.console.dll, CurrentDomainAssemblyResolve: Resolving assembly 'Microsoft.Bcl.AsyncInterfaces'.
TpTrace Information: 0 : 11700, 1, 2021/08/31, 14:28:44.315, 41642092608, vstest.console.dll, AssemblyResolver.OnResolve: Microsoft.Bcl.AsyncInterfaces: Resolving assembly.
TpTrace Information: 0 : 11700, 1, 2021/08/31, 14:28:44.315, 41642092884, vstest.console.dll, AssemblyResolver.OnResolve: Microsoft.Bcl.AsyncInterfaces: Resolved from cache.
TpTrace Verbose: 0 : 11700, 1, 2021/08/31, 14:28:44.315, 41642093170, vstest.console.dll, CurrentDomainAssemblyResolve: Resolving assembly 'Microsoft.Bcl.AsyncInterfaces'.
TpTrace Verbose: 0 : 11700, 1, 2021/08/31, 14:28:44.315, 41642093473, vstest.console.dll, CurrentDomainAssemblyResolve: Failed to resolve assembly 'Microsoft.Bcl.AsyncInterfaces'.
TpTrace Verbose: 0 : 11700, 1, 2021/08/31, 14:28:44.315, 41642094681, vstest.console.dll, CurrentDomainAssemblyResolve: Failed to resolve assembly 'Microsoft.Bcl.AsyncInterfaces'.
TpTrace Warning: 0 : 11700, 1, 2021/08/31, 14:28:44.315, 41642096899, vstest.console.dll, TestPluginDiscoverer: Failed to get types from assembly 'Microsoft.Diagnostics.NETCore.Client, Version=0.2.2.41902, Culture=neutral, PublicKeyToken=31bf3856ad364e35'.  Skipping test extension scan for this assembly.  Error: System.Reflection.ReflectionTypeLoadException: Unable to load one or more of the requested types.
Could not load file or assembly 'Microsoft.Bcl.AsyncInterfaces, Version=1.0.0.0, Culture=neutral, PublicKeyToken=cc7b13ffcd2ddd51'. Nie można odnaleźć określonego pliku.
   at System.Reflection.RuntimeModule.GetTypes(RuntimeModule module)
   at System.Reflection.RuntimeModule.GetTypes()
   at System.Reflection.Assembly.GetTypes()
   at Microsoft.VisualStudio.TestPlatform.Common.ExtensionFramework.TestPluginDiscoverer.GetTestExtensionsFromAssembly[TPluginInfo,TExtension](Assembly assembly, Dictionary`2 pluginInfos)
System.IO.FileNotFoundException: Could not load file or assembly 'Microsoft.Bcl.AsyncInterfaces, Version=1.0.0.0, Culture=neutral, PublicKeyToken=cc7b13ffcd2ddd51'. Nie można odnaleźć określonego pliku.
File name: 'Microsoft.Bcl.AsyncInterfaces, Version=1.0.0.0, Culture=neutral, PublicKeyToken=cc7b13ffcd2ddd51'
TpTrace Warning: 0 : 11700, 1, 2021/08/31, 14:28:44.315, 41642097334, vstest.console.dll, LoaderExceptions: System.IO.FileNotFoundException: Could not load file or assembly 'Microsoft.Bcl.AsyncInterfaces, Version=1.0.0.0, Culture=neutral, PublicKeyToken=cc7b13ffcd2ddd51'. Nie można odnaleźć określonego pliku.
File name: 'Microsoft.Bcl.AsyncInterfaces, Version=1.0.0.0, Culture=neutral, PublicKeyToken=cc7b13ffcd2ddd51'
TpTrace Verbose: 0 : 11700, 1, 2021/08/31, 14:28:44.316, 41642100211, vstest.console.dll, TestPluginCache: Discovered the extensions using extension path ''.
TpTrace Verbose: 0 : 11700, 1, 2021/08/31, 14:28:44.316, 41642100562, vstest.console.dll, TestPluginCache: Discoverers are ''.
TpTrace Verbose: 0 : 11700, 1, 2021/08/31, 14:28:44.316, 41642100862, vstest.console.dll, TestPluginCache: Executors are ''.
TpTrace Verbose: 0 : 11700, 1, 2021/08/31, 14:28:44.316, 41642101083, vstest.console.dll, TestPluginCache: Executors2 are ''.
TpTrace Verbose: 0 : 11700, 1, 2021/08/31, 14:28:44.316, 41642101295, vstest.console.dll, TestPluginCache: Setting providers are ''.
TpTrace Verbose: 0 : 11700, 1, 2021/08/31, 14:28:44.316, 41642101839, vstest.console.dll, TestPluginCache: Loggers are 'logger://Microsoft/TestPlatform/Extensions/Blame/v1,logger://Microsoft/TestPlatform/HtmlLogger/v1,logger://Microsoft/TestPlatform/TrxLogger/v1'.
TpTrace Information: 0 : 11700, 1, 2021/08/31, 14:28:44.316, 41642107148, vstest.console.dll, TestPluginManager.CreateTestExtension: Attempting to load test extension: Microsoft.TestPlatform.Extensions.BlameDataCollector.BlameLogger
TpTrace Information: 0 : 11700, 1, 2021/08/31, 14:28:44.323, 41642173873, vstest.console.dll, TestPluginManager.CreateTestExtension: Attempting to load test extension: Microsoft.VisualStudio.TestPlatform.CrossPlatEngine.Hosting.DefaultTestHostManager
TpTrace Information: 0 : 11700, 1, 2021/08/31, 14:28:44.323, 41642176507, vstest.console.dll, TestPluginManager.CreateTestExtension: Attempting to load test extension: Microsoft.VisualStudio.TestPlatform.CrossPlatEngine.Hosting.DotnetTestHostManager
TpTrace Verbose: 0 : 11700, 1, 2021/08/31, 14:28:44.324, 41642180432, vstest.console.dll, TestEngine: Initializing Parallel Execution as MaxCpuCount is set to: 1
TpTrace Information: 0 : 11700, 1, 2021/08/31, 14:28:44.324, 41642184154, vstest.console.dll, InferRunSettingsHelper.IsTestSettingsEnabled: Unable to navigate to RunSettings/MSTest. Current node: RunSettings
TpTrace Verbose: 0 : 11700, 1, 2021/08/31, 14:28:44.336, 41642308218, vstest.console.dll, TestRequestSender is acting as server
TpTrace Verbose: 0 : 11700, 4, 2021/08/31, 14:28:44.339, 41642336317, vstest.console.dll, DataCollectionRequestSender.InitializeCommunication : Initialize communication. 
TpTrace Information: 0 : 11700, 4, 2021/08/31, 14:28:44.350, 41642444129, vstest.console.dll, Listening on Endpoint : 127.0.0.1:65467
TpTrace Verbose: 0 : 11700, 4, 2021/08/31, 14:28:44.360, 41642544278, vstest.console.dll, DotnetDataCollectionLauncher: Full path of dotnet.exe is C:\Program Files\dotnet\dotnet.exe
TpTrace Verbose: 0 : 11700, 4, 2021/08/31, 14:28:44.360, 41642546080, vstest.console.dll, DotnetDataCollectionLauncher: Adding  --runtimeconfig "C:\Program Files\dotnet\sdk\5.0.303\datacollector.runtimeconfig.json" in args
TpTrace Verbose: 0 : 11700, 4, 2021/08/31, 14:28:44.361, 41642551288, vstest.console.dll, DotnetDataCollectionLauncher: Adding  --depsfile "C:\Program Files\dotnet\sdk\5.0.303\datacollector.deps.json" in args
TpTrace Information: 0 : 11700, 4, 2021/08/31, 14:28:44.368, 41642624546, vstest.console.dll, ProxyDataCollectionManager.Initialize: Launched datacollector processId: 11324 port: 65467
TpTrace Information: 0 : 11700, 4, 2021/08/31, 14:28:44.368, 41642625865, vstest.console.dll, ProxyDataCollectionManager.Initialize: waiting for connection with timeout: 90 seconds
TpTrace Verbose: 0 : 11700, 4, 2021/08/31, 14:28:44.368, 41642626336, vstest.console.dll, DataCollectionRequestSender.WaitForRequestHandlerConnection : Waiting for connection with timeout: 90000
TpTrace Information: 0 : 11700, 7, 2021/08/31, 14:28:44.501, 41643954548, vstest.console.dll, Using the buffer size of 16384 bytes
TpTrace Verbose: 0 : 11700, 4, 2021/08/31, 14:28:44.501, 41643955027, vstest.console.dll, ProxyDataCollectionManager.InvokeDataCollectionServiceAction: Starting.
TpTrace Information: 0 : 11700, 7, 2021/08/31, 14:28:44.501, 41643955722, vstest.console.dll, Accepted Client request and set the flag
TpTrace Information: 0 : 11700, 4, 2021/08/31, 14:28:44.501, 41643955985, vstest.console.dll, ProxyDataCollectionManager.BeforeTestRunStart: Get environment variable and port for datacollector processId: 11324 port: 65467
TpTrace Verbose: 0 : 11700, 4, 2021/08/31, 14:28:44.501, 41643956927, vstest.console.dll, DataCollectionRequestSender.SendBeforeTestRunStartAndGetResult : Send BeforeTestRunStart message with settingsXml <RunSettings><RunConfiguration><ResultsDirectory>C:\Users\PC\source\repos\Nauka własna\SimpleLibraryWebsiteTests\bin\Debug\net5.0\fine-code-coverage\coverage-tool-output</ResultsDirectory><TargetPlatform>X64</TargetPlatform><TargetFrameworkVersion>.NETCoreApp,Version=v5.0</TargetFrameworkVersion><DesignMode>False</DesignMode><CollectSourceInformation>False</CollectSourceInformation><TestAdaptersPaths>C:\Program Files\dotnet\sdk\5.0.303\Extensions</TestAdaptersPaths></RunConfiguration><LoggerRunSettings><Loggers><Logger friendlyName="blame" enabled="True" /><Logger friendlyName="Console" uri="logger://microsoft/TestPlatform/ConsoleLogger/v1" assemblyQualifiedName="Microsoft.VisualStudio.TestPlatform.CommandLine.Internal.ConsoleLogger, vstest.console, Version=15.0.0.0, Culture=neutral, PublicKeyToken=b03f5f7f11d50a3a" codeBase="C:\Program Files\dotnet\sdk\5.0.303\vstest.console.dll" enabled="True" /></Loggers></LoggerRunSettings><DataCollectionRunSettings><DataCollectors><DataCollector friendlyName="blame" enabled="True"><Configuration><ResultsDirectory>C:\Users\PC\source\repos\Nauka własna\SimpleLibraryWebsiteTests\bin\Debug\net5.0\fine-code-coverage\coverage-tool-output</ResultsDirectory></Configuration></DataCollector></DataCollectors></DataCollectionRunSettings></RunSettings> and sources System.Linq.Enumerable+Concat2Iterator`1[System.String]: 
TpTrace Verbose: 0 : 11700, 4, 2021/08/31, 14:28:44.556, 41644503462, vstest.console.dll, DataCollectionRequestSender.SendBeforeTestRunStartAndGetResult : Received message: (DataCollection.SendMessage) -> {
  "FriendlyName": null,
  "Uri": null,
  "TestCaseId": "00000000-0000-0000-0000-000000000000",
  "Message": "Logging DataCollector Diagnostics in file: C:\\Users\\PC\\source\\repos\\Nauka własna\\SimpleLibraryWebsiteTests\\bin\\Debug\\net5.0\\fine-code-coverage\\coverage-tool-output\\diagnostics.datacollector.21-08-31_14-28-44_35687_4.log",
  "Level": 0
}
TpTrace Verbose: 0 : 11700, 4, 2021/08/31, 14:28:44.613, 41645074548, vstest.console.dll, DataCollectionRequestSender.SendBeforeTestRunStartAndGetResult : Received message: (DataCollection.BeforeTestRunStartResult) -> {
  "EnvironmentVariables": {},
  "DataCollectionEventsPort": 65469
}
TpTrace Information: 0 : 11700, 4, 2021/08/31, 14:28:44.617, 41645114138, vstest.console.dll, ProxyDataCollectionManager.BeforeTestRunStart: SendBeforeTestRunStartAndGetResult successful, env variable from datacollector:   and testhost port: 65469
TpTrace Information: 0 : 11700, 4, 2021/08/31, 14:28:44.617, 41645115162, vstest.console.dll, ProxyDataCollectionManager.InvokeDataCollectionServiceAction: Completed.
TpTrace Verbose: 0 : 11700, 1, 2021/08/31, 14:28:44.617, 41645116284, vstest.console.dll, TestRunRequest.ExecuteAsync: Creating test run request.
TpTrace Verbose: 0 : 11700, 1, 2021/08/31, 14:28:44.618, 41645118869, vstest.console.dll, TestRunRequest.ExecuteAsync: Starting.
TpTrace Information: 0 : 11700, 1, 2021/08/31, 14:28:44.618, 41645121419, vstest.console.dll, TestRunRequest.ExecuteAsync: Starting run with settings:TestRunCriteria:
   KeepAlive=False,FrequencyOfRunStatsChangeEvent=10,RunStatsChangeEventTimeout=00:00:01.5000000,TestCaseFilter=,TestExecutorLauncher=
   Settingsxml=<RunSettings>
  <RunConfiguration>
    <ResultsDirectory>C:\Users\PC\source\repos\Nauka własna\SimpleLibraryWebsiteTests\bin\Debug\net5.0\fine-code-coverage\coverage-tool-output</ResultsDirectory>
    <TargetPlatform>X64</TargetPlatform>
    <TargetFrameworkVersion>.NETCoreApp,Version=v5.0</TargetFrameworkVersion>
    <DesignMode>False</DesignMode>
    <CollectSourceInformation>False</CollectSourceInformation>
  </RunConfiguration>
  <LoggerRunSettings>
    <Loggers>
      <Logger friendlyName="blame" enabled="True" />
      <Logger friendlyName="Console" uri="logger://microsoft/TestPlatform/ConsoleLogger/v1" assemblyQualifiedName="Microsoft.VisualStudio.TestPlatform.CommandLine.Internal.ConsoleLogger, vstest.console, Version=15.0.0.0, Culture=neutral, PublicKeyToken=b03f5f7f11d50a3a" codeBase="C:\Program Files\dotnet\sdk\5.0.303\vstest.console.dll" enabled="True" />
    </Loggers>
  </LoggerRunSettings>
  <DataCollectionRunSettings>
    <DataCollectors>
      <DataCollector friendlyName="blame" enabled="True">
        <Configuration>
          <ResultsDirectory>C:\Users\PC\source\repos\Nauka własna\SimpleLibraryWebsiteTests\bin\Debug\net5.0\fine-code-coverage\coverage-tool-output</ResultsDirectory>
        </Configuration>
      </DataCollector>
    </DataCollectors>
  </DataCollectionRunSettings>
</RunSettings>

TpTrace Verbose: 0 : 11700, 1, 2021/08/31, 14:28:44.618, 41645121962, vstest.console.dll, TestRunRequest.ExecuteAsync: Wait for the first run request is over.
TpTrace Verbose: 0 : 11700, 1, 2021/08/31, 14:28:44.618, 41645125770, vstest.console.dll, ParallelProxyExecutionManager: Start execution. Total sources: 1
TpTrace Information: 0 : 11700, 1, 2021/08/31, 14:28:44.619, 41645131237, vstest.console.dll, ProxyParallelExecutionManager: Triggering test run for next source: C:\Users\PC\source\repos\Nauka własna\SimpleLibraryWebsiteTests\bin\Debug\net5.0\fine-code-coverage\build-output\SimpleLibraryWebsiteTests.dll
TpTrace Verbose: 0 : 11700, 4, 2021/08/31, 14:28:44.619, 41645132506, vstest.console.dll, ParallelProxyExecutionManager: Execution started. Started clients: 1
TpTrace Verbose: 0 : 11700, 1, 2021/08/31, 14:28:44.619, 41645133016, vstest.console.dll, ProxyParallelExecutionManager: No sources available for execution.
TpTrace Information: 0 : 11700, 1, 2021/08/31, 14:28:44.619, 41645133557, vstest.console.dll, TestRunRequest.ExecuteAsync: Started.
TpTrace Verbose: 0 : 11700, 1, 2021/08/31, 14:28:44.619, 41645134261, vstest.console.dll, TestRunRequest.WaitForCompletion: Waiting with timeout -1.
TpTrace Verbose: 0 : 11700, 4, 2021/08/31, 14:28:44.619, 41645135016, vstest.console.dll, TestRunRequest:SendTestRunMessage: Starting.
TpTrace Information: 0 : 11700, 4, 2021/08/31, 14:28:44.619, 41645136043, vstest.console.dll, TestRunRequest:SendTestRunMessage: Completed.
TpTrace Verbose: 0 : 11700, 4, 2021/08/31, 14:28:44.619, 41645137987, vstest.console.dll, ProxyExecutionManager: Test host is always Lazy initialize.
TpTrace Verbose: 0 : 11700, 4, 2021/08/31, 14:28:44.620, 41645140268, vstest.console.dll, TestRequestSender.InitializeCommunication: initialize communication. 
TpTrace Information: 0 : 11700, 4, 2021/08/31, 14:28:44.620, 41645145260, vstest.console.dll, SocketServer.Start: Listening on endpoint : 127.0.0.1:65470
TpTrace Verbose: 0 : 11700, 4, 2021/08/31, 14:28:44.621, 41645151881, vstest.console.dll, DotnetTestHostmanager: Adding  --runtimeconfig "C:\Users\PC\source\repos\Nauka własna\SimpleLibraryWebsiteTests\bin\Debug\net5.0\fine-code-coverage\build-output\SimpleLibraryWebsiteTests.runtimeconfig.json" in args
TpTrace Verbose: 0 : 11700, 4, 2021/08/31, 14:28:44.621, 41645153052, vstest.console.dll, DotnetTestHostmanager: Adding  --depsfile "C:\Users\PC\source\repos\Nauka własna\SimpleLibraryWebsiteTests\bin\Debug\net5.0\fine-code-coverage\build-output\SimpleLibraryWebsiteTests.deps.json" in args
TpTrace Verbose: 0 : 11700, 4, 2021/08/31, 14:28:44.621, 41645155322, vstest.console.dll, DotnetTestHostManager: Testhost.exe/testhost.x86.exe found at path: C:\Users\PC\source\repos\Nauka własna\SimpleLibraryWebsiteTests\bin\Debug\net5.0\fine-code-coverage\build-output\testhost.exe
TpTrace Verbose: 0 : 11700, 4, 2021/08/31, 14:28:44.621, 41645155829, vstest.console.dll, DotnetTestHostmanager: Full path of host exe is C:\Users\PC\source\repos\Nauka własna\SimpleLibraryWebsiteTests\bin\Debug\net5.0\fine-code-coverage\build-output\testhost.exe
TpTrace Verbose: 0 : 11700, 6, 2021/08/31, 14:28:44.622, 41645164603, vstest.console.dll, DotnetTestHostManager: Starting process 'C:\Users\PC\source\repos\Nauka własna\SimpleLibraryWebsiteTests\bin\Debug\net5.0\fine-code-coverage\build-output\testhost.exe' with command line ' --runtimeconfig "C:\Users\PC\source\repos\Nauka własna\SimpleLibraryWebsiteTests\bin\Debug\net5.0\fine-code-coverage\build-output\SimpleLibraryWebsiteTests.runtimeconfig.json" --depsfile "C:\Users\PC\source\repos\Nauka własna\SimpleLibraryWebsiteTests\bin\Debug\net5.0\fine-code-coverage\build-output\SimpleLibraryWebsiteTests.deps.json" --port 65470 --endpoint 127.0.0.1:065470 --role client --parentprocessid 11700 --diag "C:\Users\PC\source\repos\Nauka własna\SimpleLibraryWebsiteTests\bin\Debug\net5.0\fine-code-coverage\coverage-tool-output\diagnostics.host.21-08-31_14-28-44_62098_4.log" --tracelevel 4 --datacollectionport 65469 --telemetryoptedin false'
TpTrace Verbose: 0 : 11700, 6, 2021/08/31, 14:28:44.628, 41645228295, vstest.console.dll, Test Runtime launched
TpTrace Verbose: 0 : 11700, 4, 2021/08/31, 14:28:44.629, 41645233103, vstest.console.dll, TestRequestSender.WaitForRequestHandlerConnection: waiting for connection with timeout: 90000
TpTrace Verbose: 0 : 11700, 6, 2021/08/31, 14:28:44.802, 41646968294, vstest.console.dll, SocketServer.OnClientConnected: Client connected for endPoint: 127.0.0.1:65470, starting MessageLoopAsync:
TpTrace Verbose: 0 : 11700, 14, 2021/08/31, 14:28:44.803, 41646970227, vstest.console.dll, TcpClientExtensions.MessageLoopAsync: Polling on remoteEndPoint: 127.0.0.1:65471 localEndPoint: 127.0.0.1:65470
TpTrace Verbose: 0 : 11700, 14, 2021/08/31, 14:28:44.915, 41648091807, vstest.console.dll, TcpClientExtensions.MessageLoopAsync: NotifyDataAvailable remoteEndPoint: 127.0.0.1:65471 localEndPoint: 127.0.0.1:65470
TpTrace Verbose: 0 : 11700, 14, 2021/08/31, 14:28:44.915, 41648094232, vstest.console.dll, TestRequestSender.CheckVersionWithTestHost: onMessageReceived received message: (ProtocolVersion) -> 5
TpTrace Verbose: 0 : 11700, 14, 2021/08/31, 14:28:44.915, 41648097624, vstest.console.dll, TcpClientExtensions.MessageLoopAsync: Polling on remoteEndPoint: 127.0.0.1:65471 localEndPoint: 127.0.0.1:65470
TpTrace Verbose: 0 : 11700, 4, 2021/08/31, 14:28:44.916, 41648098487, vstest.console.dll, TestPluginCache.GetExtensionPaths: Filtered extension paths: 
TpTrace Verbose: 0 : 11700, 4, 2021/08/31, 14:28:44.916, 41648098992, vstest.console.dll, TestPluginCache.GetExtensionPaths: Added default extension paths: C:\Program Files\dotnet\sdk\5.0.303\Extensions\Microsoft.Diagnostics.NETCore.Client.dll
C:\Program Files\dotnet\sdk\5.0.303\Extensions\Microsoft.TestPlatform.Extensions.BlameDataCollector.dll
C:\Program Files\dotnet\sdk\5.0.303\Extensions\Microsoft.TestPlatform.Extensions.EventLogCollector.dll
C:\Program Files\dotnet\sdk\5.0.303\Extensions\Microsoft.TestPlatform.TestHostRuntimeProvider.dll
C:\Program Files\dotnet\sdk\5.0.303\Extensions\Microsoft.VisualStudio.TestPlatform.Extensions.Html.TestLogger.dll
C:\Program Files\dotnet\sdk\5.0.303\Extensions\Microsoft.VisualStudio.TestPlatform.Extensions.Trx.TestLogger.dll
TpTrace Verbose: 0 : 11700, 4, 2021/08/31, 14:28:44.916, 41648099328, vstest.console.dll, TestPluginCache.GetExtensionPaths: Added unfilterableExtensionPaths: 
TpTrace Verbose: 0 : 11700, 4, 2021/08/31, 14:28:44.918, 41648127801, vstest.console.dll, TestRequestSender.InitializeExecution: Sending initializing execution with message: {"Version":5,"MessageType":"TestExecution.Initialize","Payload":["C:\\Users\\PC\\source\\repos\\Nauka własna\\SimpleLibraryWebsiteTests\\bin\\Debug\\net5.0\\fine-code-coverage\\build-output\\xunit.runner.visualstudio.dotnetcore.testadapter.dll"]}
TpTrace Verbose: 0 : 11700, 14, 2021/08/31, 14:28:44.923, 41648172887, vstest.console.dll, TcpClientExtensions.MessageLoopAsync: NotifyDataAvailable remoteEndPoint: 127.0.0.1:65471 localEndPoint: 127.0.0.1:65470
TpTrace Verbose: 0 : 11700, 14, 2021/08/31, 14:28:44.923, 41648174230, vstest.console.dll, TestRequestSender.OnExecutionMessageReceived: Received message: {"Version":5,"MessageType":"TestSession.Message","Payload":{"MessageLevel":0,"Message":"Logging TestHost Diagnostics in file: C:\\Users\\PC\\source\\repos\\Nauka własna\\SimpleLibraryWebsiteTests\\bin\\Debug\\net5.0\\fine-code-coverage\\coverage-tool-output\\diagnostics.host.21-08-31_14-28-44_62098_4.log"}}
TpTrace Verbose: 0 : 11700, 14, 2021/08/31, 14:28:44.925, 41648188994, vstest.console.dll, TestRunRequest:SendTestRunMessage: Starting.
TpTrace Information: 0 : 11700, 14, 2021/08/31, 14:28:44.925, 41648189735, vstest.console.dll, TestRunRequest:SendTestRunMessage: Completed.
TpTrace Verbose: 0 : 11700, 14, 2021/08/31, 14:28:44.925, 41648190084, vstest.console.dll, TcpClientExtensions.MessageLoopAsync: Polling on remoteEndPoint: 127.0.0.1:65471 localEndPoint: 127.0.0.1:65470
TpTrace Verbose: 0 : 11700, 4, 2021/08/31, 14:28:44.925, 41648192634, vstest.console.dll, TestRequestSender.StartTestRun: Sending test run with message: {"Version":5,"MessageType":"TestExecution.StartWithSources","Payload":{"AdapterSourceMap":{"_none_":["C:\\Users\\PC\\source\\repos\\Nauka własna\\SimpleLibraryWebsiteTests\\bin\\Debug\\net5.0\\fine-code-coverage\\build-output\\SimpleLibraryWebsiteTests.dll"]},"RunSettings":"<RunSettings>\r\n  <RunConfiguration>\r\n    <ResultsDirectory>C:\\Users\\PC\\source\\repos\\Nauka własna\\SimpleLibraryWebsiteTests\\bin\\Debug\\net5.0\\fine-code-coverage\\coverage-tool-output</ResultsDirectory>\r\n    <TargetPlatform>X64</TargetPlatform>\r\n    <TargetFrameworkVersion>.NETCoreApp,Version=v5.0</TargetFrameworkVersion>\r\n    <DesignMode>False</DesignMode>\r\n    <CollectSourceInformation>False</CollectSourceInformation>\r\n  </RunConfiguration>\r\n  <LoggerRunSettings>\r\n    <Loggers>\r\n      <Logger friendlyName=\"blame\" enabled=\"True\" />\r\n      <Logger friendlyName=\"Console\" uri=\"logger://microsoft/TestPlatform/ConsoleLogger/v1\" assemblyQualifiedName=\"Microsoft.VisualStudio.TestPlatform.CommandLine.Internal.ConsoleLogger, vstest.console, Version=15.0.0.0, Culture=neutral, PublicKeyToken=b03f5f7f11d50a3a\" codeBase=\"C:\\Program Files\\dotnet\\sdk\\5.0.303\\vstest.console.dll\" enabled=\"True\" />\r\n    </Loggers>\r\n  </LoggerRunSettings>\r\n  <DataCollectionRunSettings>\r\n    <DataCollectors>\r\n      <DataCollector friendlyName=\"blame\" enabled=\"True\">\r\n        <Configuration>\r\n          <ResultsDirectory>C:\\Users\\PC\\source\\repos\\Nauka własna\\SimpleLibraryWebsiteTests\\bin\\Debug\\net5.0\\fine-code-coverage\\coverage-tool-output</ResultsDirectory>\r\n        </Configuration>\r\n      </DataCollector>\r\n    </DataCollectors>\r\n  </DataCollectionRunSettings>\r\n</RunSettings>","TestExecutionContext":{"FrequencyOfRunStatsChangeEvent":10,"RunStatsChangeEventTimeout":"00:00:01.5000000","InIsolation":false,"KeepAlive":false,"AreTestCaseLevelEventsRequired":false,"IsDebug":false,"TestCaseFilter":null,"FilterOptions":null},"Package":null}}
TpTrace Verbose: 0 : 11700, 14, 2021/08/31, 14:28:45.046, 41649404638, vstest.console.dll, TcpClientExtensions.MessageLoopAsync: NotifyDataAvailable remoteEndPoint: 127.0.0.1:65471 localEndPoint: 127.0.0.1:65470
TpTrace Verbose: 0 : 11700, 14, 2021/08/31, 14:28:45.046, 41649406050, vstest.console.dll, TestRequestSender.OnExecutionMessageReceived: Received message: {"Version":5,"MessageType":"TestSession.Message","Payload":{"MessageLevel":0,"Message":"[xUnit.net 00:00:00.00] xUnit.net VSTest Adapter v2.4.3+1b45f5407b (64-bit .NET 5.0.9)"}}
TpTrace Verbose: 0 : 11700, 14, 2021/08/31, 14:28:45.046, 41649408345, vstest.console.dll, TestRunRequest:SendTestRunMessage: Starting.
TpTrace Information: 0 : 11700, 14, 2021/08/31, 14:28:45.049, 41649431086, vstest.console.dll, TestRunRequest:SendTestRunMessage: Completed.
TpTrace Verbose: 0 : 11700, 14, 2021/08/31, 14:28:45.049, 41649431935, vstest.console.dll, TcpClientExtensions.MessageLoopAsync: Polling on remoteEndPoint: 127.0.0.1:65471 localEndPoint: 127.0.0.1:65470
TpTrace Verbose: 0 : 11700, 14, 2021/08/31, 14:28:46.058, 41659527461, vstest.console.dll, TcpClientExtensions.MessageLoopAsync: Polling on remoteEndPoint: 127.0.0.1:65471 localEndPoint: 127.0.0.1:65470
TpTrace Verbose: 0 : 11700, 14, 2021/08/31, 14:28:46.115, 41660098250, vstest.console.dll, TcpClientExtensions.MessageLoopAsync: NotifyDataAvailable remoteEndPoint: 127.0.0.1:65471 localEndPoint: 127.0.0.1:65470
TpTrace Verbose: 0 : 11700, 14, 2021/08/31, 14:28:46.116, 41660099750, vstest.console.dll, TestRequestSender.OnExecutionMessageReceived: Received message: {"Version":5,"MessageType":"TestSession.Message","Payload":{"MessageLevel":0,"Message":"[xUnit.net 00:00:01.07]   Discovering: SimpleLibraryWebsiteTests"}}
TpTrace Verbose: 0 : 11700, 14, 2021/08/31, 14:28:46.116, 41660101602, vstest.console.dll, TestRunRequest:SendTestRunMessage: Starting.
TpTrace Information: 0 : 11700, 14, 2021/08/31, 14:28:46.116, 41660102090, vstest.console.dll, TestRunRequest:SendTestRunMessage: Completed.
TpTrace Verbose: 0 : 11700, 14, 2021/08/31, 14:28:46.116, 41660102385, vstest.console.dll, TcpClientExtensions.MessageLoopAsync: Polling on remoteEndPoint: 127.0.0.1:65471 localEndPoint: 127.0.0.1:65470
TpTrace Verbose: 0 : 11700, 14, 2021/08/31, 14:28:46.145, 41660394025, vstest.console.dll, TcpClientExtensions.MessageLoopAsync: NotifyDataAvailable remoteEndPoint: 127.0.0.1:65471 localEndPoint: 127.0.0.1:65470
TpTrace Verbose: 0 : 11700, 14, 2021/08/31, 14:28:46.145, 41660395335, vstest.console.dll, TestRequestSender.OnExecutionMessageReceived: Received message: {"Version":5,"MessageType":"TestSession.Message","Payload":{"MessageLevel":0,"Message":"[xUnit.net 00:00:01.10]   Discovered:  SimpleLibraryWebsiteTests"}}
TpTrace Verbose: 0 : 11700, 14, 2021/08/31, 14:28:46.145, 41660396802, vstest.console.dll, TestRunRequest:SendTestRunMessage: Starting.
TpTrace Information: 0 : 11700, 14, 2021/08/31, 14:28:46.145, 41660397476, vstest.console.dll, TestRunRequest:SendTestRunMessage: Completed.
TpTrace Verbose: 0 : 11700, 14, 2021/08/31, 14:28:46.145, 41660398093, vstest.console.dll, TcpClientExtensions.MessageLoopAsync: Polling on remoteEndPoint: 127.0.0.1:65471 localEndPoint: 127.0.0.1:65470
TpTrace Verbose: 0 : 11700, 14, 2021/08/31, 14:28:46.147, 41660412078, vstest.console.dll, TcpClientExtensions.MessageLoopAsync: NotifyDataAvailable remoteEndPoint: 127.0.0.1:65471 localEndPoint: 127.0.0.1:65470
TpTrace Verbose: 0 : 11700, 14, 2021/08/31, 14:28:46.147, 41660412644, vstest.console.dll, TestRequestSender.OnExecutionMessageReceived: Received message: {"Version":5,"MessageType":"TestSession.Message","Payload":{"MessageLevel":0,"Message":"[xUnit.net 00:00:01.10]   Starting:    SimpleLibraryWebsiteTests"}}
TpTrace Verbose: 0 : 11700, 14, 2021/08/31, 14:28:46.147, 41660413811, vstest.console.dll, TestRunRequest:SendTestRunMessage: Starting.
TpTrace Information: 0 : 11700, 14, 2021/08/31, 14:28:46.147, 41660414317, vstest.console.dll, TestRunRequest:SendTestRunMessage: Completed.
TpTrace Verbose: 0 : 11700, 14, 2021/08/31, 14:28:46.147, 41660414671, vstest.console.dll, TcpClientExtensions.MessageLoopAsync: Polling on remoteEndPoint: 127.0.0.1:65471 localEndPoint: 127.0.0.1:65470
TpTrace Verbose: 0 : 11700, 14, 2021/08/31, 14:28:46.229, 41661236468, vstest.console.dll, TcpClientExtensions.MessageLoopAsync: NotifyDataAvailable remoteEndPoint: 127.0.0.1:65471 localEndPoint: 127.0.0.1:65470
TpTrace Verbose: 0 : 11700, 14, 2021/08/31, 14:28:46.229, 41661237768, vstest.console.dll, TestRequestSender.OnExecutionMessageReceived: Received message: {"Version":5,"MessageType":"TestSession.Message","Payload":{"MessageLevel":0,"Message":"[xUnit.net 00:00:01.19]   Finished:    SimpleLibraryWebsiteTests"}}
TpTrace Verbose: 0 : 11700, 14, 2021/08/31, 14:28:46.230, 41661239309, vstest.console.dll, TestRunRequest:SendTestRunMessage: Starting.
TpTrace Information: 0 : 11700, 14, 2021/08/31, 14:28:46.230, 41661239843, vstest.console.dll, TestRunRequest:SendTestRunMessage: Completed.
TpTrace Verbose: 0 : 11700, 14, 2021/08/31, 14:28:46.230, 41661240160, vstest.console.dll, TcpClientExtensions.MessageLoopAsync: Polling on remoteEndPoint: 127.0.0.1:65471 localEndPoint: 127.0.0.1:65470
TpTrace Verbose: 0 : 11700, 14, 2021/08/31, 14:28:46.261, 41661552886, vstest.console.dll, TcpClientExtensions.MessageLoopAsync: NotifyDataAvailable remoteEndPoint: 127.0.0.1:65471 localEndPoint: 127.0.0.1:65470
TpTrace Verbose: 0 : 11700, 14, 2021/08/31, 14:28:46.261, 41661554324, vstest.console.dll, TestRequestSender.OnExecutionMessageReceived: Received message: {"Version":5,"MessageType":"TestExecution.Completed","Payload":{"TestRunCompleteArgs":{"TestRunStatistics":{"ExecutedTests":4,"Stats":{"Passed":4}},"IsCanceled":false,"IsAborted":false,"Error":null,"AttachmentSets":[],"ElapsedTimeInRunningTests":"00:00:01.1985403","Metrics":{}},"LastRunTests":{"NewTestResults":[{"TestCase":{"Id":"652c3c89-ed5d-930f-c53b-4a55dbfbc5b5","FullyQualifiedName":"SimpleLibraryWebsiteTests.ModelsTests.BookTests.ShouldReturnFalseWhenBookHasNotNullProperties","DisplayName":"SimpleLibraryWebsiteTests.ModelsTests.BookTests.ShouldReturnFalseWhenBookHasNotNullProperties","ExecutorUri":"executor://xunit/VsTestRunner2/netcoreapp","Source":"C:\\Users\\PC\\source\\repos\\Nauka własna\\SimpleLibraryWebsiteTests\\bin\\Debug\\net5.0\\fine-code-coverage\\build-output\\SimpleLibraryWebsiteTests.dll","CodeFilePath":null,"LineNumber":0,"Properties":[]},"Attachments":[],"Outcome":1,"ErrorMessage":null,"ErrorStackTrace":null,"DisplayName":"SimpleLibraryWebsiteTests.ModelsTests.BookTests.ShouldReturnFalseWhenBookHasNotNullProperties","Messages":[],"ComputerName":"DESKTOP-QPIMAKI","Duration":"00:00:00.0029837","StartTime":"2021-08-31T12:28:46.2080491+00:00","EndTime":"2021-08-31T12:28:46.2081053+00:00","Properties":[]},{"TestCase":{"Id":"90321ef2-704a-b52d-1683-3d51585d616f","FullyQualifiedName":"SimpleLibraryWebsiteTests.ModelsTests.RequestTests.ShouldReturnTrueWhenRequestHasNullProperties","DisplayName":"SimpleLibraryWebsiteTests.ModelsTests.RequestTests.ShouldReturnTrueWhenRequestHasNullProperties","ExecutorUri":"executor://xunit/VsTestRunner2/netcoreapp","Source":"C:\\Users\\PC\\source\\repos\\Nauka własna\\SimpleLibraryWebsiteTests\\bin\\Debug\\net5.0\\fine-code-coverage\\build-output\\SimpleLibraryWebsiteTests.dll","CodeFilePath":null,"LineNumber":0,"Properties":[]},"Attachments":[],"Outcome":1,"ErrorMessage":null,"ErrorStackTrace":null,"DisplayName":"SimpleLibraryWebsiteTests.ModelsTests.RequestTests.ShouldReturnTrueWhenRequestHasNullProperties","Messages":[],"ComputerName":"DESKTOP-QPIMAKI","Duration":"00:00:00.0029849","StartTime":"2021-08-31T12:28:46.223704+00:00","EndTime":"2021-08-31T12:28:46.2237047+00:00","Properties":[]},{"TestCase":{"Id":"8cf70292-c209-1fc4-a2f9-042aff7d9dea","FullyQualifiedName":"SimpleLibraryWebsiteTests.ModelsTests.BookTests.ShouldReturnTrueWhenBookHasNullProperties","DisplayName":"SimpleLibraryWebsiteTests.ModelsTests.BookTests.ShouldReturnTrueWhenBookHasNullProperties","ExecutorUri":"executor://xunit/VsTestRunner2/netcoreapp","Source":"C:\\Users\\PC\\source\\repos\\Nauka własna\\SimpleLibraryWebsiteTests\\bin\\Debug\\net5.0\\fine-code-coverage\\build-output\\SimpleLibraryWebsiteTests.dll","CodeFilePath":null,"LineNumber":0,"Properties":[]},"Attachments":[],"Outcome":1,"ErrorMessage":null,"ErrorStackTrace":null,"DisplayName":"SimpleLibraryWebsiteTests.ModelsTests.BookTests.ShouldReturnTrueWhenBookHasNullProperties","Messages":[],"ComputerName":"DESKTOP-QPIMAKI","Duration":"00:00:00.0001391","StartTime":"2021-08-31T12:28:46.2273136+00:00","EndTime":"2021-08-31T12:28:46.2273144+00:00","Properties":[]},{"TestCase":{"Id":"df33d94f-9c9a-0486-7a25-dc836eb75422","FullyQualifiedName":"SimpleLibraryWebsiteTests.ModelsTests.RequestTests.ShouldReturnFalseWhenRequestHasNotNullProperties","DisplayName":"SimpleLibraryWebsiteTests.ModelsTests.RequestTests.ShouldReturnFalseWhenRequestHasNotNullProperties","ExecutorUri":"executor://xunit/VsTestRunner2/netcoreapp","Source":"C:\\Users\\PC\\source\\repos\\Nauka własna\\SimpleLibraryWebsiteTests\\bin\\Debug\\net5.0\\fine-code-coverage\\build-output\\SimpleLibraryWebsiteTests.dll","CodeFilePath":null,"LineNumber":0,"Properties":[]},"Attachments":[],"Outcome":1,"ErrorMessage":null,"ErrorStackTrace":null,"DisplayName":"SimpleLibraryWebsiteTests.ModelsTests.RequestTests.ShouldReturnFalseWhenRequestHasNotNullProperties","Messages":[],"ComputerName":"DESKTOP-QPIMAKI","Duration":"00:00:00.0003423","StartTime":"2021-08-31T12:28:46.2282211+00:00","EndTime":"2021-08-31T12:28:46.2282217+00:00","Properties":[]}],"TestRunStatistics":{"ExecutedTests":4,"Stats":{"Passed":4}},"ActiveTests":[]},"RunAttachments":[],"ExecutorUris":["executor://xunit/VsTestRunner2/netcoreapp"]}}
TpTrace Verbose: 0 : 11700, 14, 2021/08/31, 14:28:46.262, 41661558962, vstest.console.dll, TestRequestSender.EndSession: Sending end session.
TpTrace Verbose: 0 : 11700, 14, 2021/08/31, 14:28:46.262, 41661560238, vstest.console.dll, ProxyOperationManager.Close: waiting for test host to exit for 100 ms
TpTrace Warning: 0 : 11700, 10, 2021/08/31, 14:28:46.282, 41661762267, vstest.console.dll, TestHostManagerCallbacks.ErrorReceivedCallback Test host standard error line: 
TpTrace Verbose: 0 : 11700, 7, 2021/08/31, 14:28:46.294, 41661885283, vstest.console.dll, TestHostProvider.ExitCallBack: Host exited starting callback.
TpTrace Information: 0 : 11700, 7, 2021/08/31, 14:28:46.295, 41661888636, vstest.console.dll, TestHostManagerCallbacks.ExitCallBack: Testhost processId: 4296 exited with exitcode: 0 error: ''
TpTrace Verbose: 0 : 11700, 7, 2021/08/31, 14:28:46.295, 41661889038, vstest.console.dll, DotnetTestHostManager.OnHostExited: invoking OnHostExited callback
TpTrace Verbose: 0 : 11700, 7, 2021/08/31, 14:28:46.295, 41661889470, vstest.console.dll, CrossPlatEngine.TestHostManagerHostExited: calling on client process exit callback.
TpTrace Information: 0 : 11700, 7, 2021/08/31, 14:28:46.295, 41661889883, vstest.console.dll, TestRequestSender.OnClientProcessExit: Test host process exited. Standard error: 
TpTrace Warning: 0 : 11700, 14, 2021/08/31, 14:28:46.295, 41661889916, vstest.console.dll, ProxyOperationManager: Timed out waiting for test host to exit. Will terminate process.
TpTrace Information: 0 : 11700, 7, 2021/08/31, 14:28:46.295, 41661890254, vstest.console.dll, SocketServer.Stop: Stop server endPoint: 127.0.0.1:65470
TpTrace Information: 0 : 11700, 7, 2021/08/31, 14:28:46.295, 41661890890, vstest.console.dll, SocketServer.Stop: Cancellation requested. Stopping message loop.
TpTrace Verbose: 0 : 11700, 14, 2021/08/31, 14:28:46.295, 41661895655, vstest.console.dll, ProxyDataCollectionManager.InvokeDataCollectionServiceAction: Starting.
TpTrace Information: 0 : 11700, 14, 2021/08/31, 14:28:46.295, 41661896172, vstest.console.dll, ProxyDataCollectionManager.AfterTestRunEnd: Get attachment set for datacollector processId: 11324 port: 65467
TpTrace Verbose: 0 : 11700, 14, 2021/08/31, 14:28:46.295, 41661896664, vstest.console.dll, DataCollectionRequestSender.SendAfterTestRunStartAndGetResult : Send AfterTestRunEnd message with isCancelled: False
TpTrace Verbose: 0 : 11700, 14, 2021/08/31, 14:28:46.299, 41661929049, vstest.console.dll, DataCollectionRequestSender.SendAfterTestRunStartAndGetResult : Received message: (DataCollection.AfterTestRunEndResult) -> {
  "AttachmentSets": [],
  "Metrics": {}
}
TpTrace Warning: 0 : 11700, 9, 2021/08/31, 14:28:46.302, 41661965412, vstest.console.dll, DataCollectionLauncher.ErrorReceivedCallback datacollector standard error line: 
TpTrace Information: 0 : 11700, 14, 2021/08/31, 14:28:46.302, 41661965391, vstest.console.dll, ProxyDataCollectionManager.InvokeDataCollectionServiceAction: Completed.
TpTrace Information: 0 : 11700, 7, 2021/08/31, 14:28:46.305, 41661997514, vstest.console.dll, DataCollectionLauncher.ExitCallBack: Data collector exited with exitcode: 0 error: ''
TpTrace Verbose: 0 : 11700, 14, 2021/08/31, 14:28:46.335, 41662296911, vstest.console.dll, TestRunRequest:SendTestRunStatsChange: Starting.
TpTrace Information: 0 : 11700, 14, 2021/08/31, 14:28:46.336, 41662298535, vstest.console.dll, TestRunRequest:SendTestRunStatsChange: Completed.
TpTrace Verbose: 0 : 11700, 14, 2021/08/31, 14:28:46.336, 41662299689, vstest.console.dll, ParallelProxyExecutionManager: HandlePartialRunComplete: Total completed clients = 1, Run complete = True, Run canceled: False.
TpTrace Verbose: 0 : 11700, 14, 2021/08/31, 14:28:46.355, 41662490103, vstest.console.dll, TestRunRequest:TestRunComplete: Starting. IsAborted:False IsCanceled:False.
TpTrace Verbose: 0 : 11700, 14, 2021/08/31, 14:28:46.355, 41662491452, vstest.console.dll, TestLoggerManager.HandleTestRunComplete: Ignoring as the object is disposed.
TpTrace Information: 0 : 11700, 14, 2021/08/31, 14:28:46.355, 41662493281, vstest.console.dll, TestRunRequest:TestRunComplete: Completed.
TpTrace Verbose: 0 : 11700, 1, 2021/08/31, 14:28:46.355, 41662493443, vstest.console.dll, TestRunRequest.Dispose: Starting.
TpTrace Verbose: 0 : 11700, 14, 2021/08/31, 14:28:46.355, 41662493677, vstest.console.dll, TestRequestSender.SetOperationComplete: Setting operation complete.
TpTrace Information: 0 : 11700, 1, 2021/08/31, 14:28:46.355, 41662494107, vstest.console.dll, TestRunRequest.Dispose: Completed.
TpTrace Information: 0 : 11700, 14, 2021/08/31, 14:28:46.355, 41662494316, vstest.console.dll, SocketServer.Stop: Stop server endPoint: 127.0.0.1:65470
TpTrace Information: 0 : 11700, 1, 2021/08/31, 14:28:46.355, 41662494650, vstest.console.dll, TestRequestManager.RunTests: run tests completed.
TpTrace Information: 0 : 11700, 14, 2021/08/31, 14:28:46.355, 41662494910, vstest.console.dll, SocketServer.Stop: Cancellation requested. Stopping message loop.
TpTrace Information: 0 : 11700, 1, 2021/08/31, 14:28:46.355, 41662495211, vstest.console.dll, RunTestsArgumentProcessor:Execute: Test run is completed.
TpTrace Information: 0 : 11700, 14, 2021/08/31, 14:28:46.355, 41662495222, vstest.console.dll, SocketServer.PrivateStop: Stop server endPoint: 127.0.0.1:65470 error: 
TpTrace Verbose: 0 : 11700, 1, 2021/08/31, 14:28:46.355, 41662496694, vstest.console.dll, Executor.Execute: Exiting with exit code of 0
TpTrace Verbose: 0 : 11700, 14, 2021/08/31, 14:28:46.356, 41662499275, vstest.console.dll, LengthPrefixCommunicationChannel.Dispose: Dispose reader and writer.
TpTrace Information: 0 : 11700, 14, 2021/08/31, 14:28:46.356, 41662499870, vstest.console.dll, SocketServer.Stop: Raise disconnected event endPoint: 127.0.0.1:65470 error: 
